<?xml version="1.0" encoding="UTF-8"?>
<!-- Generated by org.testng.reporters.JUnitXMLReporter -->
<testsuite hostname="TGS68" ignored="0" name="loginTC1" tests="1" failures="1" timestamp="2020-09-03T18:05:47 IST" time="21.644" errors="0">
  <testcase name="frontLogin" time="21.599" classname="Login.loginTC1">
    <failure type="java.lang.AssertionError" message="expected [true] but found [false]">
      <![CDATA[java.lang.AssertionError: expected [true] but found [false]
at Login.loginTC1.frontLogin(loginTC1.java:36)
at java.util.ArrayList.forEach(ArrayList.java:1249)
... Removed 32 stack frames]]>
    </failure>
  </testcase> <!-- frontLogin -->
</testsuite> <!-- loginTC1 -->
