<?xml version="1.0" encoding="UTF-8"?>
<!-- Generated by org.testng.reporters.JUnitXMLReporter -->
<testsuite hostname="TGS68" ignored="0" name="LoginTc01" tests="1" failures="1" timestamp="2021-03-16T11:41:21 IST" time="0.043" errors="0">
  <testcase name="frontLogin" time="0.012" classname="Login.LoginTc01">
    <failure type="java.lang.NullPointerException" message="null value in entry: url=null">
      <![CDATA[java.lang.NullPointerException: null value in entry: url=null
at com.google.common.collect.CollectPreconditions.checkEntryNotNull(CollectPreconditions.java:34)
at com.google.common.collect.SingletonImmutableBiMap.<init>(SingletonImmutableBiMap.java:42)
at com.google.common.collect.ImmutableBiMap.of(ImmutableBiMap.java:73)
at com.google.common.collect.ImmutableMap.of(ImmutableMap.java:123)
at org.openqa.selenium.remote.RemoteWebDriver.get(RemoteWebDriver.java:310)
at utility.UtilityMethods.signIN(UtilityMethods.java:30)
at Login.LoginTc01.frontLogin(LoginTc01.java:25)
at java.util.ArrayList.forEach(ArrayList.java:1249)
... Removed 27 stack frames]]>
    </failure>
  </testcase> <!-- frontLogin -->
</testsuite> <!-- LoginTc01 -->
