<?xml version="1.0" encoding="UTF-8"?>
<!-- Generated by org.testng.reporters.JUnitXMLReporter -->
<testsuite hostname="TGS68" ignored="0" name="VerifydrivercountTc02" tests="1" failures="1" timestamp="2020-12-11T10:37:00 IST" time="0.083" errors="0">
  <testcase name="addMain" time="0.029" classname="Labor.VerifydrivercountTc02">
    <failure type="java.lang.NullPointerException">
      <![CDATA[java.lang.NullPointerException
at Labor.VerifydrivercountTc02.driverCount(VerifydrivercountTc02.java:28)
at Labor.VerifydrivercountTc02.addMain(VerifydrivercountTc02.java:21)
at java.util.ArrayList.forEach(Unknown Source)
... Removed 28 stack frames]]>
    </failure>
  </testcase> <!-- addMain -->
</testsuite> <!-- VerifydrivercountTc02 -->
