<?xml version="1.0" encoding="UTF-8"?>
<!-- Generated by org.testng.reporters.JUnitXMLReporter -->
<testsuite ignored="2" hostname="TGS109" failures="0" tests="2" name="Verify BOM Operations" time="296.594" errors="0" timestamp="2022-04-22T11:26:49 IST">
  <testcase classname="BOM.BOM_BOMOperations" name="copyBOM_SingleLevel" time="66.972"/>
  <testcase classname="BOM.BOM_BOMOperations" name="copyBOM_MultiLevel" time="229.617"/>
  <testcase classname="BOM.BOM_BOMOperations" name="NavigateBOM" time="0.0">
    <ignored/>
  </testcase> <!-- NavigateBOM -->
  <testcase classname="BOM.BOM_BOMOperations" name="copyBOM_PackageQuote" time="0.0">
    <ignored/>
  </testcase> <!-- copyBOM_PackageQuote -->
</testsuite> <!-- Verify BOM Operations -->
