<?xml version="1.0" encoding="UTF-8"?>
<!-- Generated by org.testng.reporters.JUnitXMLReporter -->
<testsuite hostname="TGS68" ignored="0" name="MPNEditBOMTc05" tests="1" failures="0" timestamp="2021-02-05T10:19:30 IST" time="0.135" errors="0">
  <testcase name="@BeforeTest checkTestCase" time="0.013" classname="BOM.MPNEditBOMTc05">
    <failure type="java.lang.NullPointerException">
      <![CDATA[java.lang.NullPointerException
at utility.UtilityMethods.checkExecutionModeTestCase(UtilityMethods.java:60)
at BOM.MPNEditBOMTc05.checkTestCase(MPNEditBOMTc05.java:21)
... Removed 24 stack frames]]>
    </failure>
  </testcase> <!-- @BeforeTest checkTestCase -->
  <testcase name="editMain" time="0.0" classname="BOM.MPNEditBOMTc05">
    <skipped/>
  </testcase> <!-- editMain -->
</testsuite> <!-- MPNEditBOMTc05 -->
