<?xml version="1.0" encoding="UTF-8"?>
<!-- Generated by org.testng.reporters.JUnitXMLReporter -->
<testsuite hostname="TGS68" ignored="0" name="SingleinlineEditBOMTc03" tests="1" failures="1" timestamp="2021-02-19T16:25:33 IST" time="366.913" errors="0">
  <testcase name="editMain" time="366.906" classname="BOM.SingleinlineEditBOMTc03">
    <failure type="java.lang.AssertionError" message="expected [true] but found [false]">
      <![CDATA[java.lang.AssertionError: expected [true] but found [false]
at BOM.BomProperties.fieldCheck(BomProperties.java:796)
at BOM.BomProperties.MinPurchase(BomProperties.java:721)
at BOM.SingleinlineEditBOMTc03.editMain(SingleinlineEditBOMTc03.java:45)
at java.util.ArrayList.forEach(ArrayList.java:1249)
... Removed 32 stack frames]]>
    </failure>
  </testcase> <!-- editMain -->
</testsuite> <!-- SingleinlineEditBOMTc03 -->
