<?xml version="1.0" encoding="UTF-8"?>
<!-- Generated by org.testng.reporters.JUnitXMLReporter -->
<testsuite ignored="1" hostname="TGS109" failures="0" tests="2" name="Verify BOM Operations" time="116.131" errors="0" timestamp="2022-04-19T10:50:43 IST">
  <testcase classname="BOM.BOM_BOMOperations" name="NavigateBOM" time="50.993"/>
  <testcase classname="BOM.BOM_BOMOperations" name="CheckBOMLevel" time="65.126"/>
  <testcase classname="BOM.BOM_BOMOperations" name="CopyNormalBOM" time="0.0">
    <ignored/>
  </testcase> <!-- CopyNormalBOM -->
</testsuite> <!-- Verify BOM Operations -->
