<?xml version="1.0" encoding="UTF-8"?>
<!-- Generated by org.testng.reporters.JUnitXMLReporter -->
<testsuite hostname="TGS68" ignored="0" name="DocRFQSmall" tests="1" failures="1" timestamp="2021-07-30T18:24:08 IST" time="39.145" errors="0">
  <testcase name="documentUpload" time="39.13" classname="RFQ.RFQ_DocSmall">
    <failure type="java.io.IOException" message="The filename, directory name, or volume label syntax is incorrect">
      <![CDATA[java.io.IOException: The filename, directory name, or volume label syntax is incorrect
at java.io.WinNTFileSystem.canonicalize0(Native Method)
at java.io.WinNTFileSystem.canonicalize(WinNTFileSystem.java:428)
at java.io.File.getCanonicalPath(File.java:618)
at RFQ.BaseInitRFQ.uploadFile(BaseInitRFQ.java:223)
at RFQ.RFQ_DocSmall.upload_steps(RFQ_DocSmall.java:63)
at RFQ.RFQ_DocSmall.documentUpload(RFQ_DocSmall.java:37)
at java.util.ArrayList.forEach(ArrayList.java:1234)
... Removed 28 stack frames]]>
    </failure>
  </testcase> <!-- documentUpload -->
</testsuite> <!-- DocRFQSmall -->
