<?xml version="1.0" encoding="UTF-8"?>
<!-- Generated by org.testng.reporters.JUnitXMLReporter -->
<testsuite hostname="TGS68" ignored="0" name="DocumentRFQTc_01" tests="1" failures="1" timestamp="2021-01-30T13:41:58 IST" time="78.195" errors="0">
  <testcase name="documentUpload" time="77.228" classname="RFQ.DocumentRFQTc_01">
    <failure type="java.lang.AssertionError" message="expected [true] but found [false]">
      <![CDATA[java.lang.AssertionError: expected [true] but found [false]
at RFQ.DocumentRFQTc_01.validation(DocumentRFQTc_01.java:86)
at RFQ.DocumentRFQTc_01.documentUpload(DocumentRFQTc_01.java:38)
at java.util.ArrayList.forEach(ArrayList.java:1249)
... Removed 32 stack frames]]>
    </failure>
  </testcase> <!-- documentUpload -->
</testsuite> <!-- DocumentRFQTc_01 -->
