<?xml version="1.0" encoding="UTF-8"?>
<!-- Generated by org.testng.reporters.JUnitXMLReporter -->
<testsuite hostname="TGS68" ignored="0" name="DocumentRFQTc_04" tests="1" failures="1" timestamp="2021-01-30T13:43:41 IST" time="51.244" errors="0">
  <testcase name="documentUpload" time="50.639" classname="RFQ.DocumentRFQTc_04">
    <failure type="java.lang.NullPointerException">
      <![CDATA[java.lang.NullPointerException
at RFQ.DocumentRFQTc_04.validation(DocumentRFQTc_04.java:43)
at RFQ.DocumentRFQTc_04.documentUpload(DocumentRFQTc_04.java:35)
at java.util.ArrayList.forEach(ArrayList.java:1249)
... Removed 28 stack frames]]>
    </failure>
  </testcase> <!-- documentUpload -->
</testsuite> <!-- DocumentRFQTc_04 -->
