<?xml version="1.0" encoding="UTF-8"?>
<!-- Generated by org.testng.reporters.JUnitXMLReporter -->
<testsuite hostname="TGS68" ignored="0" name="DocumentRFQTc_02" tests="1" failures="1" timestamp="2021-01-30T13:44:34 IST" time="52.214" errors="0">
  <testcase name="documentUpload" time="51.614" classname="RFQ.DocumentRFQTc_02">
    <failure type="java.lang.AssertionError" message="expected [true] but found [false]">
      <![CDATA[java.lang.AssertionError: expected [true] but found [false]
at RFQ.DocumentRFQTc_02.validation(DocumentRFQTc_02.java:55)
at RFQ.DocumentRFQTc_02.documentUpload(DocumentRFQTc_02.java:34)
at java.util.ArrayList.forEach(ArrayList.java:1249)
... Removed 32 stack frames]]>
    </failure>
  </testcase> <!-- documentUpload -->
</testsuite> <!-- DocumentRFQTc_02 -->
