<?xml version="1.0" encoding="UTF-8"?>
<!-- Generated by org.testng.reporters.JUnitXMLReporter -->
<testsuite hostname="TGS68" ignored="0" name="DocumentRFQTc_03" tests="1" failures="1" timestamp="2021-01-30T13:42:50 IST" time="52.258" errors="0">
  <testcase name="documentUpload" time="51.665" classname="RFQ.DocumentRFQTc_03">
    <failure type="java.lang.AssertionError" message="expected [true] but found [false]">
      <![CDATA[java.lang.AssertionError: expected [true] but found [false]
at RFQ.DocumentRFQTc_01.validation(DocumentRFQTc_01.java:86)
at RFQ.DocumentRFQTc_03.documentUpload(DocumentRFQTc_03.java:32)
at java.util.ArrayList.forEach(ArrayList.java:1249)
... Removed 32 stack frames]]>
    </failure>
  </testcase> <!-- documentUpload -->
</testsuite> <!-- DocumentRFQTc_03 -->
