<?xml version="1.0" encoding="UTF-8"?>
<!-- Generated by org.testng.reporters.JUnitXMLReporter -->
<testsuite hostname="TGS68" ignored="0" name="PackageRFQTc01" tests="1" failures="1" timestamp="2020-10-12T11:36:48 IST" time="31.214" errors="0">
  <testcase name="create" time="31.127" classname="RFQ.PackageRFQTc01">
    <failure type="java.lang.NullPointerException">
      <![CDATA[java.lang.NullPointerException
at utility.UtilityMethods.signIN(UtilityMethods.java:30)
at RFQ.PackageRFQTc01.create(PackageRFQTc01.java:25)
at java.util.ArrayList.forEach(ArrayList.java:1249)
... Removed 28 stack frames]]>
    </failure>
  </testcase> <!-- create -->
</testsuite> <!-- PackageRFQTc01 -->
