<?xml version="1.0" encoding="UTF-8"?>
<!-- Generated by org.testng.reporters.JUnitXMLReporter -->
<testsuite hostname="TGS68" ignored="0" name="RFQ_DocUpload" tests="4" failures="0" timestamp="2021-10-06T11:36:13 IST" time="306.236" errors="0">
  <testcase name="documentUploadSmall" time="71.401" classname="RFQ.RFQ_DocUpload"/>
  <testcase name="documentUpload" time="159.955" classname="RFQ.RFQ_DocUpload"/>
  <testcase name="documentUploadZip" time="34.826" classname="RFQ.RFQ_DocUpload"/>
  <testcase name="documentUploadInvalid" time="40.02" classname="RFQ.RFQ_DocUpload"/>
</testsuite> <!-- RFQ_DocUpload -->
