<?xml version="1.0" encoding="UTF-8"?>
<!-- Generated by org.testng.reporters.JUnitXMLReporter -->
<testsuite hostname="TGS68" ignored="0" name="UpdatepricingTc01" tests="1" failures="0" timestamp="2020-11-27T16:26:02 IST" time="0.024" errors="0">
  <testcase name="@BeforeTest checkTestCase" time="0.001" classname="Material_Costing.UpdatepricingTc01">
    <skipped/>
  </testcase> <!-- @BeforeTest checkTestCase -->
  <testcase name="editMain" time="0.0" classname="Material_Costing.UpdatepricingTc01">
    <skipped/>
  </testcase> <!-- editMain -->
</testsuite> <!-- UpdatepricingTc01 -->
