<?xml version="1.0" encoding="UTF-8"?>
<!-- Generated by org.testng.reporters.JUnitXMLReporter -->
<testsuite hostname="TGS68" ignored="0" name="BOM_SingleLevel" tests="3" failures="0" timestamp="2021-12-27T12:47:00 IST" time="1159.463" errors="0">
  <testcase name="blankfile" time="67.438" classname="ImportWidget.IW_BOM_SingleLevel"/>
  <testcase name="nullMPN" time="66.715" classname="ImportWidget.IW_BOM_SingleLevel"/>
  <testcase name="sameQtyMain" time="1025.3" classname="ImportWidget.IW_BOM_SingleLevel"/>
</testsuite> <!-- BOM_SingleLevel -->
