<?xml version="1.0" encoding="UTF-8"?>
<!-- Generated by org.testng.reporters.JUnitXMLReporter -->
<testsuite hostname="TGS68" ignored="0" name="AddlaborTc01" tests="1" failures="0" timestamp="2021-03-16T12:20:29 IST" time="0.096" errors="0">
  <testcase name="@BeforeTest checkTestCase" time="0.003" classname="QuoteCQ.AddlaborTc01">
    <skipped/>
  </testcase> <!-- @BeforeTest checkTestCase -->
  <testcase name="addMain" time="0.001" classname="QuoteCQ.AddlaborTc01">
    <skipped/>
  </testcase> <!-- addMain -->
</testsuite> <!-- AddlaborTc01 -->
