<?xml version="1.0" encoding="UTF-8"?>
<!-- Generated by org.testng.reporters.JUnitXMLReporter -->
<testsuite ignored="0" hostname="TGS109" failures="1" tests="1" name="AutoSelect" time="6.088" errors="0" timestamp="2022-04-01T11:59:38 IST">
  <testcase classname="QuoteCQ.QuoteCQ_AutoSelect" name="autoSelectmain" time="5.011">
    <failure type="java.lang.NoSuchMethodError" message="&amp;apos;void org.openqa.selenium.support.ui.WebDriverWait.&amp;lt;init&amp;gt;(org.openqa.selenium.WebDriver, java.time.Duration)&amp;apos;">
      <![CDATA[java.lang.NoSuchMethodError: 'void org.openqa.selenium.support.ui.WebDriverWait.<init>(org.openqa.selenium.WebDriver, java.time.Duration)'
at QuoteCQ.QuoteCQ_AutoSelect.autoupdate(QuoteCQ_AutoSelect.java:35)
at QuoteCQ.QuoteCQ_AutoSelect.autoSelectmain(QuoteCQ_AutoSelect.java:29)
at java.base/java.util.ArrayList.forEach(ArrayList.java:1511)
... Removed 27 stack frames]]>
    </failure>
  </testcase> <!-- autoSelectmain -->
</testsuite> <!-- AutoSelect -->
