<?xml version="1.0" encoding="UTF-8"?>
<!-- Generated by org.testng.reporters.JUnitXMLReporter -->
<testsuite hostname="TGS68" ignored="0" name="CreateRFQTc02" tests="1" failures="1" timestamp="2021-03-16T12:24:44 IST" time="255.891" errors="0">
  <testcase name="create" time="156.679" classname="QuoteCQ.CreateRFQTc02">
    <failure type="java.lang.NullPointerException">
      <![CDATA[java.lang.NullPointerException
at QuoteCQ.BaseInitquoteCQ.RFQ_list(BaseInitquoteCQ.java:42)
at QuoteCQ.CreateRFQTc02.create(CreateRFQTc02.java:25)
at java.util.ArrayList.forEach(ArrayList.java:1249)
at java.util.concurrent.FutureTask.run(FutureTask.java:266)
at java.util.concurrent.ThreadPoolExecutor.runWorker(ThreadPoolExecutor.java:1142)
at java.util.concurrent.ThreadPoolExecutor$Worker.run(ThreadPoolExecutor.java:617)
at java.lang.Thread.run(Thread.java:748)
... Removed 18 stack frames]]>
    </failure>
  </testcase> <!-- create -->
</testsuite> <!-- CreateRFQTc02 -->
