<?xml version="1.0" encoding="UTF-8"?>
<!-- Generated by org.testng.reporters.JUnitXMLReporter -->
<testsuite hostname="TGS68" ignored="0" name="ImportBOMTc01" tests="1" failures="1" timestamp="2021-03-16T12:24:43 IST" time="255.066" errors="0">
  <testcase name="@BeforeTest checkTestCase" time="0.003" classname="QuoteCQ.AddlaborTc01">
    <skipped/>
  </testcase> <!-- @BeforeTest checkTestCase -->
  <testcase name="importMain" time="186.739" classname="QuoteCQ.ImportBOMTc01">
    <failure type="java.lang.NullPointerException">
      <![CDATA[java.lang.NullPointerException
at QuoteCQ.BaseInitquoteCQ.RFQ_list(BaseInitquoteCQ.java:42)
at QuoteCQ.ImportBOMTc01.importMain(ImportBOMTc01.java:31)
at java.util.ArrayList.forEach(ArrayList.java:1249)
at java.util.concurrent.FutureTask.run(FutureTask.java:266)
at java.util.concurrent.ThreadPoolExecutor.runWorker(ThreadPoolExecutor.java:1142)
at java.util.concurrent.ThreadPoolExecutor$Worker.run(ThreadPoolExecutor.java:617)
at java.lang.Thread.run(Thread.java:748)
... Removed 18 stack frames]]>
    </failure>
  </testcase> <!-- importMain -->
</testsuite> <!-- ImportBOMTc01 -->
