<?xml version="1.0" encoding="UTF-8"?>
<!-- Generated by org.testng.reporters.JUnitXMLReporter -->
<testsuite hostname="TGS68" ignored="0" name="MarkasSent" tests="1" failures="0" timestamp="2021-09-20T13:15:36 IST" time="0.017" errors="0">
  <testcase name="@BeforeTest checkTestCase" time="0.002" classname="QuoteCQ.QuoteCQ_MarkasSent">
    <skipped/>
  </testcase> <!-- @BeforeTest checkTestCase -->
  <testcase name="markSent" time="0.0" classname="QuoteCQ.QuoteCQ_MarkasSent">
    <skipped/>
  </testcase> <!-- markSent -->
</testsuite> <!-- MarkasSent -->
