<?xml version="1.0" encoding="UTF-8"?>
<!-- Generated by org.testng.reporters.JUnitXMLReporter -->
<testsuite hostname="TGS68" ignored="0" name="PublishTc02" tests="1" failures="0" timestamp="2021-03-16T12:24:45 IST" time="0.189" errors="0">
  <testcase name="@BeforeTest checkTestCase" time="0.014" classname="QuoteCQ.PublishTc02">
    <skipped/>
  </testcase> <!-- @BeforeTest checkTestCase -->
  <testcase name="publishmain" time="0.0" classname="QuoteCQ.PublishTc02">
    <skipped/>
  </testcase> <!-- publishmain -->
</testsuite> <!-- PublishTc02 -->
