<?xml version="1.0" encoding="UTF-8"?>
<!-- Generated by org.testng.reporters.JUnitXMLReporter -->
<testsuite hostname="TGS68" ignored="0" name="SubmitTc01" tests="1" failures="0" timestamp="2021-03-16T12:24:45 IST" time="0.366" errors="0">
  <testcase name="@BeforeTest checkTestCase" time="0.0" classname="QuoteCQ.SubmitTc01">
    <skipped/>
  </testcase> <!-- @BeforeTest checkTestCase -->
  <testcase name="@BeforeTest checkTestCase" time="0.014" classname="QuoteCQ.PublishTc02">
    <skipped/>
  </testcase> <!-- @BeforeTest checkTestCase -->
  <testcase name="submitmain" time="0.0" classname="QuoteCQ.SubmitTc01">
    <skipped/>
  </testcase> <!-- submitmain -->
</testsuite> <!-- SubmitTc01 -->
