<?xml version="1.0" encoding="UTF-8"?>
<!-- Generated by org.testng.reporters.JUnitXMLReporter -->
<testsuite ignored="0" hostname="TGS109" failures="1" tests="1" name="SubmitSummary" time="14.147" errors="0" timestamp="2022-04-01T11:59:53 IST">
  <testcase classname="QuoteCQ.QuoteCQ_SubmitSummary" name="submitmain" time="12.162">
    <failure type="java.lang.NoSuchMethodError" message="&amp;apos;void org.openqa.selenium.support.ui.WebDriverWait.&amp;lt;init&amp;gt;(org.openqa.selenium.WebDriver, java.time.Duration)&amp;apos;">
      <![CDATA[java.lang.NoSuchMethodError: 'void org.openqa.selenium.support.ui.WebDriverWait.<init>(org.openqa.selenium.WebDriver, java.time.Duration)'
at QuoteCQ.QuoteCQ_SubmitSummary.submit(QuoteCQ_SubmitSummary.java:38)
at QuoteCQ.QuoteCQ_SubmitSummary.submitmain(QuoteCQ_SubmitSummary.java:31)
at java.base/java.util.ArrayList.forEach(ArrayList.java:1511)
... Removed 27 stack frames]]>
    </failure>
  </testcase> <!-- submitmain -->
</testsuite> <!-- SubmitSummary -->
