<?xml version="1.0" encoding="UTF-8"?>
<!-- Generated by org.testng.reporters.JUnitXMLReporter -->
<testsuite ignored="0" hostname="TGS109" failures="1" tests="1" name="UpdatePricing" time="9.584" errors="0" timestamp="2022-04-01T11:59:32 IST">
  <testcase classname="QuoteCQ.QuoteCQ_UpdatePricing" name="pricingmain" time="8.109">
    <failure type="java.lang.NoSuchMethodError" message="&amp;apos;void org.openqa.selenium.support.ui.WebDriverWait.&amp;lt;init&amp;gt;(org.openqa.selenium.WebDriver, java.time.Duration)&amp;apos;">
      <![CDATA[java.lang.NoSuchMethodError: 'void org.openqa.selenium.support.ui.WebDriverWait.<init>(org.openqa.selenium.WebDriver, java.time.Duration)'
at QuoteCQ.QuoteCQ_UpdatePricing.update(QuoteCQ_UpdatePricing.java:39)
at QuoteCQ.QuoteCQ_UpdatePricing.pricingmain(QuoteCQ_UpdatePricing.java:32)
at java.base/java.util.ArrayList.forEach(ArrayList.java:1511)
... Removed 27 stack frames]]>
    </failure>
  </testcase> <!-- pricingmain -->
</testsuite> <!-- UpdatePricing -->
