<?xml version="1.0" encoding="UTF-8"?>
<!-- Generated by org.testng.reporters.JUnitXMLReporter -->
<testsuite hostname="TGS68" ignored="0" name="BOM_Phase1" tests="3" failures="1" timestamp="2021-10-06T14:57:39 IST" time="715.94" errors="0">
  <testcase name="consolidatemain" time="366.227" classname="BOM.BOM_Phase1"/>
  <testcase name="pricing" time="238.112" classname="BOM.BOM_Phase1"/>
  <testcase name="excessQty" time="110.985" classname="BOM.BOM_Phase1">
    <failure type="java.lang.AssertionError" message="expected [true] but found [false]">
      <![CDATA[java.lang.AssertionError: expected [true] but found [false]
at BOM.BOM_Phase1.calculation(BOM_Phase1.java:313)
at BOM.BOM_Phase1.excessQty(BOM_Phase1.java:59)
at java.util.ArrayList.forEach(ArrayList.java:1234)
... Removed 32 stack frames]]>
    </failure>
  </testcase> <!-- excessQty -->
</testsuite> <!-- BOM_Phase1 -->
