<?xml version="1.0" encoding="UTF-8"?>
<!-- Generated by org.testng.reporters.JUnitXMLReporter -->
<testsuite hostname="TGS68" ignored="0" name="ExcessqtyTc01" tests="1" failures="0" timestamp="2021-03-31T12:02:07 IST" time="0.026" errors="0">
  <testcase name="@BeforeTest checkTestCase" time="0.001" classname="BOMPhase1.Excessqty">
    <skipped/>
  </testcase> <!-- @BeforeTest checkTestCase -->
  <testcase name="consolidatemain" time="0.0" classname="BOMPhase1.Excessqty">
    <skipped/>
  </testcase> <!-- consolidatemain -->
</testsuite> <!-- ExcessqtyTc01 -->
