<?xml version="1.0" encoding="UTF-8"?>
<!-- Generated by org.testng.reporters.JUnitXMLReporter -->
<testsuite hostname="TGS68" ignored="0" name="ExcessqtyTc" tests="1" failures="1" timestamp="2021-07-23T18:02:53 IST" time="108.29" errors="0">
  <testcase name="consolidatemain" time="107.957" classname="BOMPhase1.Excessqty">
    <failure type="java.lang.AssertionError" message="expected [true] but found [false]">
      <![CDATA[java.lang.AssertionError: expected [true] but found [false]
at BOMPhase1.Excessqty.calculation(Excessqty.java:139)
at BOMPhase1.Excessqty.consolidatemain(Excessqty.java:38)
at java.util.ArrayList.forEach(ArrayList.java:1234)
... Removed 32 stack frames]]>
    </failure>
  </testcase> <!-- consolidatemain -->
</testsuite> <!-- ExcessqtyTc -->
