<?xml version="1.0" encoding="UTF-8"?>
<!-- Generated by org.testng.reporters.JUnitXMLReporter -->
<testsuite hostname="TGS68" ignored="0" name="UpdatepricingTc01" tests="1" failures="0" timestamp="2021-03-31T12:02:07 IST" time="0.007" errors="0">
  <testcase name="@BeforeTest checkTestCase" time="0.0" classname="BOMPhase1.Updatepricing">
    <skipped/>
  </testcase> <!-- @BeforeTest checkTestCase -->
  <testcase name="pricingmain" time="0.0" classname="BOMPhase1.Updatepricing">
    <skipped/>
  </testcase> <!-- pricingmain -->
</testsuite> <!-- UpdatepricingTc01 -->
