<?xml version="1.0" encoding="UTF-8"?>
<testsuite xmlns:xsi="http://www.w3.org/2001/XMLSchema-instance" xsi:noNamespaceSchemaLocation="https://maven.apache.org/surefire/maven-surefire-plugin/xsd/surefire-test-report-3.0.xsd" version="3.0" name="TestSuite" time="832.24" tests="8" errors="0" skipped="0" failures="0">
  <properties>
[...]
</properties>
  <testcase name="frontLogin[https://app.calcuquote.com/stagingsandbox/](1)" classname="QuoteCQ.QuoteCQ_Login" time="38.471">
    <system-out><![CDATA[[Extent Reports  Test Suite started!] :: Login
[frontLogin started! ]
----------------------------------------------------------------------------
CASE : LOGIN TO QUOTE CQ
RESULT :: Login Done Successfully
>>> Time to login  ::  8 Second(s)
.........................................................................................................
]]></system-out>
    <system-err><![CDATA[SLF4J: Failed to load class "org.slf4j.impl.StaticLoggerBinder".
SLF4J: Defaulting to no-operation (NOP) logger implementation
SLF4J: See http://www.slf4j.org/codes.html#StaticLoggerBinder for further details.
Starting ChromeDriver 100.0.4896.60 (6a5d10861ce8de5fce22564658033b43cb7de047-refs/branch-heads/4896@{#875}) on port 55785
Only local connections are allowed.
Please see https://chromedriver.chromium.org/security-considerations for suggestions on keeping ChromeDriver safe.
ChromeDriver was started successfully.
Apr 25, 2022 3:33:11 PM org.openqa.selenium.remote.ProtocolHandshake createSession
INFO: Detected dialect: W3C
Apr 25, 2022 3:33:11 PM org.openqa.selenium.devtools.CdpVersionFinder findNearestMatch
WARNING: Unable to find an exact match for CDP version 100, so returning the closest version found: 96
Apr 25, 2022 3:33:11 PM org.openqa.selenium.devtools.CdpVersionFinder findNearestMatch
INFO: Found CDP implementation for version 100 of 96
]]></system-err>
  </testcase>
  <testcase name="create" classname="QuoteCQ.QuoteCQ_CreateRFQ" time="108.697">
    <system-out><![CDATA[[Extent Reports  Test Suite finished!] :: Login
[Extent Reports  Test Suite started!] :: CreateRFQ
[create started! ]
----------------------------------------------------------------------------
~>> RESULT :: RFQ CREATED WITH ASSEMBLY NAME :: 3HE6UF
]]></system-out>
  </testcase>
  <testcase name="importMain" classname="QuoteCQ.QuoteCQ_ImportBOM" time="205.857">
    <system-out><![CDATA[[Extent Reports  Test Suite finished!] :: CreateRFQ
[Extent Reports  Test Suite started!] :: ImportBOM
[importMain started! ]
----------------------------------------------------------------------------
CASE :  IMPORT BOM
~>> Assembly ID :: 17744
~>> RESULT :: BOM IMPORTED SUCCESSFULLY
~>> RESULT :: BOM SUBMITTED
]]></system-out>
  </testcase>
  <testcase name="addMain" classname="QuoteCQ.QuoteCQ_AddLabor" time="58.119">
    <system-out><![CDATA[[Extent Reports  Test Suite finished!] :: ImportBOM
[Extent Reports  Test Suite started!] :: AddLabor
[addMain started! ]
----------------------------------------------------------------------------
CASE :  ADD LABOR ACTIVITIES
~>> RESULT :: LABOR ACTIVITES ADDED
#. CASE :  SUBMIT LABOR
~>> RESULT  :: LABOR SUBMITTED
]]></system-out>
  </testcase>
  <testcase name="pricingmain" classname="QuoteCQ.QuoteCQ_UpdatePricing" time="271.755">
    <system-out><![CDATA[[Extent Reports  Test Suite finished!] :: AddLabor
[Extent Reports  Test Suite started!] :: UpdatePricing
[pricingmain started! ]
----------------------------------------------------------------------------
CASE :  UPDATE PRICING
>>> Time started :: 1.650881438153E12
>>> Time ended :: 1.650881664077E12
>>> Total Time to upload file ::  3.7654 minute(s)
~>> RESULT :: UPDATE PRICING DONE
]]></system-out>
  </testcase>
  <testcase name="autoSelectmain" classname="QuoteCQ.QuoteCQ_AutoSelect" time="93.394">
    <system-out><![CDATA[[Extent Reports  Test Suite finished!] :: UpdatePricing
[Extent Reports  Test Suite started!] :: AutoSelect
[autoSelectmain started! ]
:::::::::::::::::::::::::::::::::::::::::::::::::::::::::::::::::::::::::::::::::::::::::::::::::::
CASE :  PRICING SELECTION (AUTO SELECT)
~>> RESULT :: AUTO UPDATE DONE
~>> RESULT :: MATERIAL COSTING SUBMITTED
]]></system-out>
  </testcase>
  <testcase name="submitmain" classname="QuoteCQ.QuoteCQ_SubmitSummary" time="30.154">
    <system-out><![CDATA[[Extent Reports  Test Suite finished!] :: AutoSelect
[Extent Reports  Test Suite started!] :: SubmitSummary
[submitmain started! ]
----------------------------------------------------------------------------
CASE :  SUBMIT SUMMARY
~>> RESULT :: SUMMARY SUBMITTED
]]></system-out>
  </testcase>
  <testcase name="publishmain" classname="QuoteCQ.QuoteCQ_PublishQuote" time="8.062">
    <system-out><![CDATA[[Extent Reports  Test Suite finished!] :: SubmitSummary
[Extent Reports  Test Suite started!] :: PublishQuote
[publishmain started! ]
----------------------------------------------------------------------------
CASE : PUBLISH QUOTE
~>> RESULT :: PUBLISH QUOTE IS DISABLED
]]></system-out>
  </testcase>
</testsuite>