<?xml version="1.0" encoding="UTF-8"?>
<!-- Generated by org.testng.reporters.JUnitXMLReporter -->
<testsuite hostname="TGS68" ignored="0" name="loginTC" tests="1" failures="0" timestamp="2020-09-03T09:52:01 IST" time="0.036" errors="0">
  <testcase name="@BeforeSuite checkExecutionModeTestSuite" time="6.639" classname="Login.baseInitLogin">
    <skipped/>
  </testcase> <!-- @BeforeSuite checkExecutionModeTestSuite -->
  <testcase name="@BeforeSuite checkExecutionModeTestSuite" time="-1.599106921816E9" classname="RFQ.baseinitRFQ">
    <skipped/>
  </testcase> <!-- @BeforeSuite checkExecutionModeTestSuite -->
  <testcase name="@BeforeTest checkTestCase" time="-1.599106921821E9" classname="Login.loginTC">
    <skipped/>
  </testcase> <!-- @BeforeTest checkTestCase -->
  <testcase name="frontLogin" time="0.0" classname="Login.loginTC">
    <skipped/>
  </testcase> <!-- frontLogin -->
</testsuite> <!-- loginTC -->
