<?xml version="1.0" encoding="UTF-8"?>
<!-- Generated by org.testng.reporters.JUnitXMLReporter -->
<testsuite hostname="TGS68" ignored="0" name="BidCQ_ReOpenBid" tests="4" failures="0" timestamp="2021-09-16T17:03:10 IST" time="1318.385" errors="0">
  <testcase name="GeneRateBid" time="728.571" classname="BidCQ.BidCQ_ReOpenBid"/>
  <testcase name="verifyCQPSSubmit" time="132.422" classname="BidCQ.BidCQ_ReOpenBid"/>
  <testcase name="bidReOpen" time="15.845" classname="BidCQ.BidCQ_ReOpenBid"/>
  <testcase name="UpdateBid" time="441.533" classname="BidCQ.BidCQ_ReOpenBid"/>
</testsuite> <!-- BidCQ_ReOpenBid -->
