<?xml version="1.0" encoding="UTF-8"?>
<!-- Generated by org.testng.reporters.JUnitXMLReporter -->
<testsuite hostname="TGS68" ignored="0" name="BidCQ_Document" tests="7" failures="0" timestamp="2021-09-17T17:56:36 IST" time="720.916" errors="0">
  <testcase name="documentUpload" time="110.21" classname="BidCQ.BidCQ_Document"/>
  <testcase name="docUpload1" time="25.715" classname="BidCQ.BidCQ_Document"/>
  <testcase name="docUpload2" time="25.58" classname="BidCQ.BidCQ_Document"/>
  <testcase name="docUpload3" time="250.371" classname="BidCQ.BidCQ_Document"/>
  <testcase name="docUpload4" time="31.001" classname="BidCQ.BidCQ_Document"/>
  <testcase name="downloadFiles" time="176.491" classname="BidCQ.BidCQ_Document"/>
  <testcase name="verifyUploadedFiles" time="101.516" classname="BidCQ.BidCQ_Document"/>
</testsuite> <!-- BidCQ_Document -->
