<?xml version="1.0" encoding="UTF-8"?>
<!-- Generated by org.testng.reporters.JUnitXMLReporter -->
<testsuite hostname="TGS68" ignored="0" name="BidCQ_Filter" tests="19" failures="0" timestamp="2021-09-17T16:57:21 IST" time="390.906" errors="0">
  <testcase name="filter" time="14.346" classname="BidCQ.BidCQ_Filter"/>
  <testcase name="filterSummary1" time="12.043" classname="BidCQ.BidCQ_Filter"/>
  <testcase name="filterSummary2" time="6.425" classname="BidCQ.BidCQ_Filter"/>
  <testcase name="filterSummary3" time="41.633" classname="BidCQ.BidCQ_Filter"/>
  <testcase name="filterSummary4" time="11.707" classname="BidCQ.BidCQ_Filter"/>
  <testcase name="filterSummary5" time="41.533" classname="BidCQ.BidCQ_Filter"/>
  <testcase name="filterSide1" time="6.702" classname="BidCQ.BidCQ_Filter"/>
  <testcase name="filterSide2" time="16.4" classname="BidCQ.BidCQ_Filter"/>
  <testcase name="filterSide3" time="16.381" classname="BidCQ.BidCQ_Filter"/>
  <testcase name="filterSide4" time="16.536" classname="BidCQ.BidCQ_Filter"/>
  <testcase name="filterSide5" time="38.144" classname="BidCQ.BidCQ_Filter"/>
  <testcase name="filterSummary6" time="41.616" classname="BidCQ.BidCQ_Filter"/>
  <testcase name="filterSummary7" time="11.7" classname="BidCQ.BidCQ_Filter"/>
  <testcase name="filterSummary8" time="12.331" classname="BidCQ.BidCQ_Filter"/>
  <testcase name="filterSummary9" time="11.744" classname="BidCQ.BidCQ_Filter"/>
  <testcase name="filterSummary10" time="41.697" classname="BidCQ.BidCQ_Filter"/>
  <testcase name="filterSide6" time="16.571" classname="BidCQ.BidCQ_Filter"/>
  <testcase name="filterSide7" time="16.593" classname="BidCQ.BidCQ_Filter"/>
  <testcase name="filterSide8" time="16.772" classname="BidCQ.BidCQ_Filter"/>
</testsuite> <!-- BidCQ_Filter -->
