<?xml version="1.0" encoding="UTF-8"?>
<!-- Generated by org.testng.reporters.JUnitXMLReporter -->
<testsuite hostname="TGS68" ignored="0" name="BidCQ_Franchised_UnFranchised" tests="2" failures="0" timestamp="2021-09-17T16:03:15 IST" time="250.215" errors="0">
  <testcase name="linecardFranchised" time="206.389" classname="BidCQ.BidCQ_Franchised_UnFranchised"/>
  <testcase name="linecardUnFranchised" time="43.818" classname="BidCQ.BidCQ_Franchised_UnFranchised"/>
</testsuite> <!-- BidCQ_Franchised_UnFranchised -->
