<?xml version="1.0" encoding="UTF-8"?>
<!-- Generated by org.testng.reporters.JUnitXMLReporter -->
<testsuite hostname="TGS68" ignored="0" name="BidCQ_NoBid" tests="3" failures="0" timestamp="2021-09-16T12:22:57 IST" time="542.076" errors="0">
  <testcase name="noBidSingle" time="443.57" classname="BidCQ.BidCQ_NoBid"/>
  <testcase name="noBidMulti" time="49.18" classname="BidCQ.BidCQ_NoBid"/>
  <testcase name="noBidAll" time="49.311" classname="BidCQ.BidCQ_NoBid"/>
</testsuite> <!-- BidCQ_NoBid -->
