<?xml version="1.0" encoding="UTF-8"?>
<!-- Generated by org.testng.reporters.JUnitXMLReporter -->
<testsuite hostname="TGS68" ignored="0" name="BlankBOMfile" tests="1" failures="1" timestamp="2021-06-02T15:53:59 IST" time="189.085" errors="0">
  <testcase name="blankfileMain" time="189.077" classname="ImportWidget_BOM.BlankBOMfile">
    <failure type="org.openqa.selenium.NoSuchFrameException" message="No frame element found by name or id widgetImportButton
Build info: version: &amp;apos;3.6.0&amp;apos;, revision: &amp;apos;6fbf3ec767&amp;apos;, time: &amp;apos;2017-09-27T16:15:26.402Z&amp;apos;
System info: host: &amp;apos;TGS68&amp;apos;, ip: &amp;apos;192.168.0.68&amp;apos;, os.name: &amp;apos;Windows 10&amp;apos;, os.arch: &amp;apos;amd64&amp;apos;, os.version: &amp;apos;10.0&amp;apos;, java.version: &amp;apos;1.8.0_131&amp;apos;
Driver info: driver.version: unknown">
      <![CDATA[org.openqa.selenium.NoSuchFrameException: No frame element found by name or id widgetImportButton
Build info: version: '3.6.0', revision: '6fbf3ec767', time: '2017-09-27T16:15:26.402Z'
System info: host: 'TGS68', ip: '192.168.0.68', os.name: 'Windows 10', os.arch: 'amd64', os.version: '10.0', java.version: '1.8.0_131'
Driver info: driver.version: unknown
at org.openqa.selenium.remote.RemoteWebDriver$RemoteTargetLocator.frame(RemoteWebDriver.java:925)
at ImportWidget_BOM.BaseInitImportWidget.importfile(BaseInitImportWidget.java:87)
at ImportWidget_BOM.BlankBOMfile.blankfileMain(BlankBOMfile.java:26)
at java.util.ArrayList.forEach(ArrayList.java:1249)
... Removed 27 stack frames]]>
    </failure>
  </testcase> <!-- blankfileMain -->
</testsuite> <!-- BlankBOMfile -->
