<?xml version="1.0" encoding="UTF-8"?>
<!-- Generated by org.testng.reporters.JUnitXMLReporter -->
<testsuite hostname="TGS68" ignored="0" name="CreateRFQTc02" tests="1" failures="1" timestamp="2021-03-16T11:39:25 IST" time="60.556" errors="0">
  <testcase name="create" time="60.511" classname="QuoteCQ.CreateRFQTc02">
    <failure type="java.lang.NullPointerException">
      <![CDATA[java.lang.NullPointerException
at QuoteCQ.BaseInitquoteCQ.RFQ_list(BaseInitquoteCQ.java:42)
at QuoteCQ.CreateRFQTc02.create(CreateRFQTc02.java:25)
at java.util.ArrayList.forEach(ArrayList.java:1249)
... Removed 28 stack frames]]>
    </failure>
  </testcase> <!-- create -->
</testsuite> <!-- CreateRFQTc02 -->
