<?xml version="1.0" encoding="UTF-8"?>
<!-- Generated by org.testng.reporters.JUnitXMLReporter -->
<testsuite hostname="TGS68" ignored="0" name="CreateRFQ" tests="1" failures="1" timestamp="2021-05-13T09:35:52 IST" time="0.031" errors="0">
  <testcase name="create" time="0.0" classname="QuoteCQ.CreateRFQ">
    <failure type="org.testng.TestNGException" message="
Cannot inject @Test annotated Method [create] with [int].
For more information on native dependency injection please refer to https://testng.org/doc/documentation-main.html#native-dependency-injection">
      <![CDATA[org.testng.TestNGException: 
Cannot inject @Test annotated Method [create] with [int].
For more information on native dependency injection please refer to https://testng.org/doc/documentation-main.html#native-dependency-injection
at java.util.ArrayList.forEach(ArrayList.java:1249)
... Removed 26 stack frames]]>
    </failure>
  </testcase> <!-- create -->
</testsuite> <!-- CreateRFQ -->
