<?xml version="1.0" encoding="UTF-8"?>
<!-- Generated by org.testng.reporters.JUnitXMLReporter -->
<testsuite hostname="TGS68" ignored="0" name="FieldValidations" tests="1" failures="1" timestamp="2021-05-26T18:45:36 IST" time="74.733" errors="0">
  <testcase name="fieldvalidationMain" time="74.727" classname="ImportWidget_Demandline.FieldValidations">
    <failure type="java.lang.NullPointerException">
      <![CDATA[java.lang.NullPointerException
at ImportWidget_Demandline.BaseInitImportWidgetDemandLine.mappingScreen(BaseInitImportWidgetDemandLine.java:140)
at ImportWidget_Demandline.FieldValidations.fieldvalidationMain(FieldValidations.java:33)
at java.util.ArrayList.forEach(ArrayList.java:1249)
... Removed 27 stack frames]]>
    </failure>
  </testcase> <!-- fieldvalidationMain -->
</testsuite> <!-- FieldValidations -->
