<?xml version="1.0" encoding="UTF-8"?>
<!-- Generated by org.testng.reporters.JUnitXMLReporter -->
<testsuite hostname="TGS68" ignored="0" name="ImportBOMTc03" tests="1" failures="1" timestamp="2021-01-15T10:59:28 IST" time="0.007" errors="0">
  <testcase name="importMain" time="0.003" classname="QuoteCQ.ImportBOMTc03">
    <failure type="java.lang.NullPointerException">
      <![CDATA[java.lang.NullPointerException
at QuoteCQ.ImportBOMTc03.importMain(ImportBOMTc03.java:24)
at java.util.ArrayList.forEach(ArrayList.java:1234)
... Removed 28 stack frames]]>
    </failure>
  </testcase> <!-- importMain -->
</testsuite> <!-- ImportBOMTc03 -->
