<?xml version="1.0" encoding="UTF-8"?>
<!-- Generated by org.testng.reporters.JUnitXMLReporter -->
<testsuite hostname="TGS68" ignored="0" name="MultiplePart" tests="1" failures="1" timestamp="2021-05-22T15:36:35 IST" time="147.375" errors="0">
  <testcase name="multpartMain" time="146.937" classname="ImportWidget.MultiplePart">
    <failure type="java.lang.NullPointerException">
      <![CDATA[java.lang.NullPointerException
at ImportWidget.BaseInitImportWidget.mappingScreen(BaseInitImportWidget.java:99)
at ImportWidget.MultiplePart.multpartMain(MultiplePart.java:26)
at java.util.ArrayList.forEach(ArrayList.java:1249)
... Removed 27 stack frames]]>
    </failure>
  </testcase> <!-- multpartMain -->
</testsuite> <!-- MultiplePart -->
