<?xml version="1.0" encoding="UTF-8"?>
<!-- Generated by org.testng.reporters.JUnitXMLReporter -->
<testsuite hostname="TGS68" name="UpdatepricingTc01" tests="1" failures="0" timestamp="16 Mar 2021 06:24:54 GMT" time="0.079" errors="0">
  <testcase name="@BeforeTest checkTestCase" time="0.0" classname="QuoteCQ.UpdatepricingTc01">
    <skipped/>
  </testcase> <!-- @BeforeTest checkTestCase -->
  <testcase name="pricingmain" time="0.016" classname="QuoteCQ.UpdatepricingTc01">
    <skipped/>
  </testcase> <!-- pricingmain -->
</testsuite> <!-- UpdatepricingTc01 -->
