<?xml version="1.0" encoding="UTF-8"?>
<!-- Generated by org.testng.reporters.JUnitXMLReporter -->
<testsuite hostname="TGS68" ignored="0" name=" Reports" tests="5" failures="0" timestamp="2021-10-25T16:23:39 IST" time="254.889" errors="0">
  <testcase name="costedBOM" time="136.526" classname="SmokeTest.Reports"/>
  <testcase name="costedBOMMultiLevel" time="29.6" classname="SmokeTest.Reports"/>
  <testcase name="costedBOMOrgCurrency" time="29.544" classname="SmokeTest.Reports"/>
  <testcase name="costedBOMMultiOrgCurrency" time="29.609" classname="SmokeTest.Reports"/>
  <testcase name="costedBOMAll" time="29.596" classname="SmokeTest.Reports"/>
</testsuite> <!--  Reports -->
