<?xml version="1.0" encoding="UTF-8"?>
<!-- Generated by org.testng.reporters.JUnitXMLReporter -->
<testsuite hostname="TGS68" ignored="0" name="Summary_Material" tests="3" failures="0" timestamp="2021-11-26T12:40:08 IST" time="153.434" errors="0">
  <testcase name="MiscCost" time="100.411" classname="SmokeTest.Smoke_Summary_MiscCost"/>
  <testcase name="addMiscCost" time="18.664" classname="SmokeTest.Smoke_Summary_MiscCost"/>
  <testcase name="getMiscCost" time="34.34" classname="SmokeTest.Smoke_Summary_MiscCost"/>
</testsuite> <!-- Summary_Material -->
