<?xml version="1.0" encoding="UTF-8"?>
<!-- Generated by org.testng.reporters.JUnitXMLReporter -->
<testsuite hostname="TGS68" ignored="2" name="Summary" tests="11" failures="0" timestamp="2021-12-01T10:09:51 IST" time="521.913" errors="0">
  <testcase name="importLine" time="53.769" classname="SmokeTest.Smoke_Summary_Material"/>
  <testcase name="Pricing" time="8.164" classname="SmokeTest.Smoke_Summary_Material"/>
  <testcase name="getValue" time="95.745" classname="SmokeTest.Smoke_Summary_Material"/>
  <testcase name="verifyCalcMaterial" time="107.666" classname="SmokeTest.Smoke_Summary_Material"/>
  <testcase name="addLabor" time="31.783" classname="SmokeTest.Smoke_Summary_Labor"/>
  <testcase name="getLabor" time="6.446" classname="SmokeTest.Smoke_Summary_Labor"/>
  <testcase name="verifyCalcLabor" time="62.627" classname="SmokeTest.Smoke_Summary_Labor"/>
  <testcase name="getCurrency" time="20.108" classname="SmokeTest.Smoke_Summary_Overhead"/>
  <testcase name="overheadDrivers" time="43.273" classname="SmokeTest.Smoke_Summary_Overhead"/>
  <testcase name="overheadCost" time="43.642" classname="SmokeTest.Smoke_Summary_Overhead"/>
  <testcase name="overheadVerify" time="48.636" classname="SmokeTest.Smoke_Summary_Overhead"/>
  <testcase name="@BeforeSuite checkExecutionModeTestSuite" time="0.0" classname="SmokeTest.BaseInitsmokeTest">
    <ignored/>
  </testcase> <!-- @BeforeSuite checkExecutionModeTestSuite -->
  <testcase name="@BeforeSuite checkExecutionModeTestSuite" time="0.0" classname="SmokeTest.BaseInitsmokeTest">
    <ignored/>
  </testcase> <!-- @BeforeSuite checkExecutionModeTestSuite -->
</testsuite> <!-- Summary -->
