<?xml version="1.0" encoding="UTF-8"?>
<!-- Generated by org.testng.reporters.JUnitXMLReporter -->
<testsuite hostname="TGS68" ignored="0" name="ConsolidateLineitem" tests="1" failures="1" timestamp="2021-03-15T12:46:29 IST" time="33.818" errors="0">
  <testcase name="consolidateMain" time="33.102" classname="ShopCQ.ConsolidateLineitem">
    <failure type="java.lang.NullPointerException">
      <![CDATA[java.lang.NullPointerException
at ShopCQ.ConsolidateLineitem.searchRecord(ConsolidateLineitem.java:54)
at ShopCQ.ConsolidateLineitem.consolidateMain(ConsolidateLineitem.java:43)
at java.util.ArrayList.forEach(ArrayList.java:1249)
... Removed 28 stack frames]]>
    </failure>
  </testcase> <!-- consolidateMain -->
</testsuite> <!-- ConsolidateLineitem -->
