<?xml version="1.0" encoding="UTF-8"?>
<!-- Generated by org.testng.reporters.JUnitXMLReporter -->
<testsuite hostname="TGS68" ignored="0" name="CreatePO" tests="1" failures="1" timestamp="2021-03-15T12:05:17 IST" time="65.1" errors="0">
  <testcase name="createPO" time="64.317" classname="ShopCQ.CreatePO">
    <failure type="java.lang.NullPointerException">
      <![CDATA[java.lang.NullPointerException
at ShopCQ.CreatePO.checkRecord(CreatePO.java:46)
at ShopCQ.CreatePO.createPO(CreatePO.java:33)
at java.util.ArrayList.forEach(ArrayList.java:1249)
... Removed 28 stack frames]]>
    </failure>
  </testcase> <!-- createPO -->
</testsuite> <!-- CreatePO -->
